2 6458016
-95 010100
-90 1010000011100000001
-88 1010000011101
-86 1010000011011
-83 00011000010111
-82 0001100001010111
-81 11000010000
-80 11000011110
-79 11000010011
9 101000001110000001
10 1100000
12 10100000111001
13 1010111
31 1010000011100000100000
32 111
33 1100001010
34 0101111
35 1010000011100000100001
36 10100000111000001001
37 0001100001001100110
38 00011000010011001011
39 1010001
40 00011000010110
41 10100000110100
42 0001100001000
44 010110
45 110000110
46 010101
47 101000001110000011
48 000110000100100
49 10100000110101
50 101000001110001
51 000110000100111
52 1010000011100001
53 0001100001010110
54 0001100001010101
55 0001100001001101
56 0001100001010010
57 0001100001010100
58 101000001100
59 11000010010
60 000110000100110010101
61 00011000010100110
62 10100000111000000000
63 010111001
65 000110001
66 1010000100
67 1010000010
68 000111011
69 11000011111
70 0001100110
71 0101110111
72 0001101
73 00011100
74 1010000011110
75 110000111000
76 0001100111
77 010111010
78 0101110110
79 0001100000
80 1100001011
81 1010000011111
82 000110010
83 101000000
84 101000011
85 110000111001
86 00011000011
87 010111000
88 000110000101000
89 0001110100
90 000110000100101
91 101000001110000000010
92 1010000011100000101
93 0001100001001100111
94 101000001110000000011
95 00011000010100111
96 00011000010011000
97 0111
98 000100
99 100001
100 10111
101 1101
102 100000
103 101101
104 0000
105 0010
106 0001110101
107 1010110
108 10001
109 101001
110 0100
111 0110
112 000101
113 11000010001
114 0011
115 11001
116 1001
117 110001
118 0001111
119 101010
120 1010000101
121 101100
122 11000011101
124 0001100001001100100
125 000110000100110010100
126 101000001110000010001
